#
# There is insufficient memory for the Java Runtime Environment to continue.
# Native memory allocation (mmap) failed to map 65011712 bytes for Failed to commit area from 0x00000000c2000000 to 0x00000000c5e00000 of length 65011712.
# Possible reasons:
#   The system is out of physical RAM or swap space
#   The process is running with CompressedOops enabled, and the Java Heap may be blocking the growth of the native heap
# Possible solutions:
#   Reduce memory load on the system
#   Increase physical memory or swap space
#   Check if swap backing store is full
#   Decrease Java heap size (-Xmx/-Xms)
#   Decrease number of Java threads
#   Decrease Java thread stack sizes (-Xss)
#   Set larger code cache with -XX:ReservedCodeCacheSize=
#   JVM is running with Unscaled Compressed Oops mode in which the Java heap is
#     placed in the first 4GB address space. The Java Heap base address is the
#     maximum limit for the native heap growth. Please use -XX:HeapBaseMinAddress
#     to set the Java Heap base and to place the Java Heap above 4GB virtual address.
# This output file may be truncated or incomplete.
#
#  Out of Memory Error (./open/src/hotspot/os/windows/os_windows.cpp:3315), pid=9640, tid=8700
#
# JRE version:  (14.0.2+12) (build )
# Java VM: Java HotSpot(TM) 64-Bit Server VM (14.0.2+12-46, mixed mode, sharing, tiered, compressed oops, g1 gc, windows-amd64)
# No core dump will be written. Minidumps are not enabled by default on client versions of Windows
#

---------------  S U M M A R Y ------------

Command Line: -javaagent:C:\Program Files\JetBrains\IntelliJ IDEA Community Edition 2020.2\lib\idea_rt.jar=7145:C:\Program Files\JetBrains\IntelliJ IDEA Community Edition 2020.2\bin -Dfile.encoding=UTF-8 Application

Host: Intel(R) Core(TM) i5-7200U CPU @ 2.50GHz, 4 cores, 3G,  Windows 10 , 64 bit Build 17763 (10.0.17763.1879)
Time: Sat May 15 22:34:16 2021 Oo?oey (ceia) elapsed time: 0 seconds (0d 0h 0m 0s)

---------------  T H R E A D  ---------------

Current thread (0x000001cf6174b800):  JavaThread "Unknown thread" [_thread_in_vm, id=8700, stack(0x000000b9e9100000,0x000000b9e9200000)]

Stack: [0x000000b9e9100000,0x000000b9e9200000]
Native frames: (J=compiled Java code, j=interpreted, Vv=VM code, C=native code)
V  [jvm.dll+0x5f8a9a]
V  [jvm.dll+0x74247a]
V  [jvm.dll+0x743c2f]
V  [jvm.dll+0x744273]
V  [jvm.dll+0x20d288]
V  [jvm.dll+0x5f5dea]
V  [jvm.dll+0x5eac45]
V  [jvm.dll+0x2c7e9c]
V  [jvm.dll+0x2c7cd2]
V  [jvm.dll+0x2cdbbc]
V  [jvm.dll+0x313fe8]
V  [jvm.dll+0x313710]
V  [jvm.dll+0x2a092a]
V  [jvm.dll+0x2a1a79]
V  [jvm.dll+0x71fd48]
V  [jvm.dll+0x321c14]
V  [jvm.dll+0x70112c]
V  [jvm.dll+0x392def]
V  [jvm.dll+0x394e61]
C  [jli.dll+0x524b]
C  [ucrtbase.dll+0x2268a]
C  [KERNEL32.DLL+0x17974]
C  [ntdll.dll+0x5a2f1]


---------------  P R O C E S S  ---------------

Threads class SMR info:
_java_thread_list=0x00007ffe3d9f3038, length=0, elements={
}

Java Threads: ( => current thread )

Other Threads:
  0x000001cf6177f000 GCTaskThread "GC Thread#0" [stack: 0x000000b9e9200000,0x000000b9e9300000] [id=5088]
  0x000001cf61789000 ConcurrentGCThread "G1 Main Marker" [stack: 0x000000b9e9300000,0x000000b9e9400000] [id=9288]
  0x000001cf6178b000 ConcurrentGCThread "G1 Conc#0" [stack: 0x000000b9e9400000,0x000000b9e9500000] [id=5636]

[error occurred during error reporting (printing all threads), id 0xc0000005, EXCEPTION_ACCESS_VIOLATION (0xc0000005) at pc=0x00007ffe3d221257]

VM state:not at safepoint (not fully initialized)

VM Mutex/Monitor currently owned by a thread:  ([mutex/lock_event])
[0x000001cf61747d90] Heap_lock - owner thread: 0x000001cf6174b800

Heap address: 0x00000000c2000000, size: 992 MB, Compressed Oops mode: 32-bit
Narrow klass base: 0x0000000000000000, Narrow klass shift: 0

GC Heap History (0 events):
No events

Deoptimization events (0 events):
No events

Classes unloaded (0 events):
No events

Classes redefined (0 events):
No events

Internal exceptions (0 events):
No events

Events (2 events):
Event: 0.345 Loaded shared library C:\Program Files\Java\jdk-14.0.2\bin\java.dll
Event: 0.345 Loaded shared library C:\Program Files\Java\jdk-14.0.2\bin\zip.dll


Dynamic libraries:
0x00007ff6ccae0000 - 0x00007ff6ccaef000 	C:\Program Files\Java\jdk-14.0.2\bin\java.exe
0x00007ffe72d10000 - 0x00007ffe72efc000 	C:\Windows\SYSTEM32\ntdll.dll
0x00007ffe72a10000 - 0x00007ffe72ac3000 	C:\Windows\System32\KERNEL32.DLL
0x00007ffe6f560000 - 0x00007ffe6f7f4000 	C:\Windows\System32\KERNELBASE.dll
0x00007ffe6fe10000 - 0x00007ffe6ff0a000 	C:\Windows\System32\ucrtbase.dll
0x00007ffe4c7a0000 - 0x00007ffe4c7b8000 	C:\Program Files\Java\jdk-14.0.2\bin\jli.dll
0x00007ffe4c780000 - 0x00007ffe4c795000 	C:\Program Files\Java\jdk-14.0.2\bin\VCRUNTIME140.dll
0x00007ffe72120000 - 0x00007ffe721c3000 	C:\Windows\System32\ADVAPI32.dll
0x00007ffe71810000 - 0x00007ffe718ae000 	C:\Windows\System32\msvcrt.dll
0x00007ffe6ff40000 - 0x00007ffe6ffde000 	C:\Windows\System32\sechost.dll
0x00007ffe718b0000 - 0x00007ffe719cf000 	C:\Windows\System32\RPCRT4.dll
0x00007ffe71500000 - 0x00007ffe71697000 	C:\Windows\System32\USER32.dll
0x00007ffe6f520000 - 0x00007ffe6f540000 	C:\Windows\System32\win32u.dll
0x00007ffe522e0000 - 0x00007ffe52559000 	C:\Windows\WinSxS\amd64_microsoft.windows.common-controls_6595b64144ccf1df_6.0.17763.1879_none_de7416585348d805\COMCTL32.dll
0x00007ffe71b00000 - 0x00007ffe71b29000 	C:\Windows\System32\GDI32.dll
0x00007ffe72630000 - 0x00007ffe7295d000 	C:\Windows\System32\combase.dll
0x00007ffe6fc70000 - 0x00007ffe6fe0c000 	C:\Windows\System32\gdi32full.dll
0x00007ffe6f8e0000 - 0x00007ffe6f980000 	C:\Windows\System32\msvcp_win.dll
0x00007ffe6f800000 - 0x00007ffe6f87f000 	C:\Windows\System32\bcryptPrimitives.dll
0x00007ffe62f20000 - 0x00007ffe62f2a000 	C:\Windows\SYSTEM32\VERSION.dll
0x00007ffe72ad0000 - 0x00007ffe72afe000 	C:\Windows\System32\IMM32.DLL
0x00007ffe40690000 - 0x00007ffe4072b000 	C:\Program Files\Java\jdk-14.0.2\bin\msvcp140.dll
0x00007ffe3cf70000 - 0x00007ffe3da8e000 	C:\Program Files\Java\jdk-14.0.2\bin\server\jvm.dll
0x00007ffe714e0000 - 0x00007ffe714e8000 	C:\Windows\System32\PSAPI.DLL
0x00007ffe6aa90000 - 0x00007ffe6aa99000 	C:\Windows\SYSTEM32\WSOCK32.dll
0x00007ffe721d0000 - 0x00007ffe7223d000 	C:\Windows\System32\WS2_32.dll
0x00007ffe6c700000 - 0x00007ffe6c724000 	C:\Windows\SYSTEM32\WINMM.dll
0x00007ffe6c6d0000 - 0x00007ffe6c6fd000 	C:\Windows\SYSTEM32\winmmbase.dll
0x00007ffe6fc20000 - 0x00007ffe6fc6a000 	C:\Windows\System32\cfgmgr32.dll
0x00007ffe6edb0000 - 0x00007ffe6edc1000 	C:\Windows\System32\kernel.appcore.dll
0x00007ffe6aa70000 - 0x00007ffe6aa7a000 	C:\Program Files\Java\jdk-14.0.2\bin\jimage.dll
0x00007ffe5b3c0000 - 0x00007ffe5b5ad000 	C:\Windows\SYSTEM32\DBGHELP.DLL
0x00007ffe5b390000 - 0x00007ffe5b3ba000 	C:\Windows\SYSTEM32\dbgcore.DLL
0x00007ffe56090000 - 0x00007ffe5609e000 	C:\Program Files\Java\jdk-14.0.2\bin\instrument.dll
0x00007ffe4b500000 - 0x00007ffe4b525000 	C:\Program Files\Java\jdk-14.0.2\bin\java.dll
0x00007ffe4c760000 - 0x00007ffe4c776000 	C:\Program Files\Java\jdk-14.0.2\bin\zip.dll

dbghelp: loaded successfully - version: 4.0.5 - missing functions: none
symbol engine: initialized successfully - sym options: 0x614 - pdb path: .;C:\Program Files\Java\jdk-14.0.2\bin;C:\Windows\SYSTEM32;C:\Windows\WinSxS\amd64_microsoft.windows.common-controls_6595b64144ccf1df_6.0.17763.1879_none_de7416585348d805;C:\Program Files\Java\jdk-14.0.2\bin\server

VM Arguments:
jvm_args: -javaagent:C:\Program Files\JetBrains\IntelliJ IDEA Community Edition 2020.2\lib\idea_rt.jar=7145:C:\Program Files\JetBrains\IntelliJ IDEA Community Edition 2020.2\bin -Dfile.encoding=UTF-8 
java_command: Application
java_class_path (initial): C:\Users\Mariya\Desktop\TA\out\production\TA
Launcher Type: SUN_STANDARD

[Global flags]
     intx CICompilerCount                          = 3                                         {product} {ergonomic}
     uint ConcGCThreads                            = 1                                         {product} {ergonomic}
     uint G1ConcRefinementThreads                  = 4                                         {product} {ergonomic}
   size_t G1HeapRegionSize                         = 1048576                                   {product} {ergonomic}
    uintx GCDrainStackTargetSize                   = 64                                        {product} {ergonomic}
   size_t InitialHeapSize                          = 65011712                                  {product} {ergonomic}
   size_t MarkStackSize                            = 4194304                                   {product} {ergonomic}
   size_t MaxHeapSize                              = 1040187392                                {product} {ergonomic}
   size_t MinHeapDeltaBytes                        = 1048576                                   {product} {ergonomic}
   size_t MinHeapSize                              = 8388608                                   {product} {ergonomic}
    uintx NonNMethodCodeHeapSize                   = 5832780                                {pd product} {ergonomic}
    uintx NonProfiledCodeHeapSize                  = 122912730                              {pd product} {ergonomic}
    uintx ProfiledCodeHeapSize                     = 122912730                              {pd product} {ergonomic}
    uintx ReservedCodeCacheSize                    = 251658240                              {pd product} {ergonomic}
     bool SegmentedCodeCache                       = true                                      {product} {ergonomic}
   size_t SoftMaxHeapSize                          = 1040187392                             {manageable} {ergonomic}
     bool UseCompressedClassPointers               = true                                 {lp64_product} {ergonomic}
     bool UseCompressedOops                        = true                                 {lp64_product} {ergonomic}
     bool UseG1GC                                  = true                                      {product} {ergonomic}
     bool UseLargePagesIndividualAllocation        = false                                  {pd product} {ergonomic}

Logging:
Log output configuration:
 #0: stdout all=warning uptime,level,tags
 #1: stderr all=off uptime,level,tags

Environment Variables:
PATH=C:\PROGRAM FILES\JAVA\JDK-14.0.2\BIN;C:\PROGRAM FILES (X86)\COMMON FILES\ORACLE\JAVA\JAVAPATH;%SYSTEMROOT%\SYSTEM32;%SYSTEMROOT%;%SYSTEMROOT%\SYSTEM32\WBEM;%SYSTEMROOT%\SYSTEM32\WINDOWSPOWERSHELL\V1.0\;%SYSTEMROOT%\SYSTEM32\OPENSSH\;C:\PROGRAM FILES\MICROSOFT SQL SERVER\120\TOOLS\BINN\;C:\PROGRAM FILES\GIT\CMD;C:\WINDOWS;C:\WINDOWS\SYSTEM32\WBEM;C:\WINDOWS\SYSTEM32;C:\Program Files\MySQL\MySQL Shell 8.0\bin\;C:\Users\Mariya\AppData\Local\Microsoft\WindowsApps;C:\Program Files\mingw-w64\x86_64-8.1.0-posix-seh-rt_v6-rev0\mingw64\bin;
USERNAME=Mariya
OS=Windows_NT
PROCESSOR_IDENTIFIER=Intel64 Family 6 Model 142 Stepping 9, GenuineIntel



---------------  S Y S T E M  ---------------

OS: Windows 10 , 64 bit Build 17763 (10.0.17763.1879)
OS uptime: 2 days 2:10 hours

CPU:total 4 (initial active 4) (2 cores per cpu, 2 threads per core) family 6 model 142 stepping 9, cmov, cx8, fxsr, mmx, sse, sse2, sse3, ssse3, sse4.1, sse4.2, popcnt, avx, avx2, aes, clmul, erms, 3dnowpref, lzcnt, ht, tsc, tscinvbit, bmi1, bmi2, adx, fma

Memory: 4k page, system-wide physical 3964M (333M free)
TotalPageFile size 6012M (AvailPageFile size 1M)
current process WorkingSet (physical memory assigned to process): 10M, peak: 10M
current process commit charge ("private bytes"): 51M, peak: 113M

vm_info: Java HotSpot(TM) 64-Bit Server VM (14.0.2+12-46) for windows-amd64 JRE (14.0.2+12-46), built on Jul  9 2020 00:35:52 by "mach5one" with MS VC++ 15.9 (VS2017)

END.
